Chi:
 [[ 1.   2.  -1.   1.5]
 [ 2.   1.  -1.  -0.5]
 [-1.  -1.   1.   1.5]
 [ 1.5 -0.5  1.5  1. ]]
Chi:
 [[ 1.   2.  -1.   1.5]
 [ 2.   1.  -1.  -0.5]
 [-1.  -1.   1.   1.5]
 [ 1.5 -0.5  1.5  1. ]]
Net interaction matrix:
 [[ 9.   5.5  8.5  5.   7.5  4.   7.   3.5  5.5  2.   5.   1.5  4.   0.5
   3.5  0. ]
 [ 5.5  3.   6.5  4.   3.5  1.   4.5  2.   3.5  1.   4.5  2.   1.5 -1.
   2.5  0. ]
 [ 8.5  6.5  9.   7.   6.   4.   6.5  4.5  4.   2.   4.5  2.5  1.5 -0.5
   2.   0. ]
 [ 5.   4.   7.   6.   2.   1.   4.   3.   2.   1.   4.   3.  -1.  -2.
   1.   0. ]
 [ 7.5  3.5  6.   2.   7.   3.   5.5  1.5  6.   2.   4.5  0.5  5.5  1.5
   4.   0. ]
 [ 4.   1.   4.   1.   3.   0.   3.   0.   4.   1.   4.   1.   3.   0.
   3.   0. ]
 [ 7.   4.5  6.5  4.   5.5  3.   5.   2.5  4.5  2.   4.   1.5  3.   0.5
   2.5  0. ]
 [ 3.5  2.   4.5  3.   1.5  0.   2.5  1.   2.5  1.   3.5  2.   0.5 -1.
   1.5  0. ]
 [ 5.5  3.5  4.   2.   6.   4.   4.5  2.5  3.   1.   1.5 -0.5  3.5  1.5
   2.   0. ]
 [ 2.   1.   2.   1.   2.   1.   2.   1.   1.   0.   1.   0.   1.   0.
   1.   0. ]
 [ 5.   4.5  4.5  4.   4.5  4.   4.   3.5  1.5  1.   1.   0.5  1.   0.5
   0.5  0. ]
 [ 1.5  2.   2.5  3.   0.5  1.   1.5  2.  -0.5  0.   0.5  1.  -1.5 -1.
  -0.5  0. ]
 [ 4.   1.5  1.5 -1.   5.5  3.   3.   0.5  3.5  1.   1.  -1.5  5.   2.5
   2.5  0. ]
 [ 0.5 -1.  -0.5 -2.   1.5  0.   0.5 -1.   1.5  0.   0.5 -1.   2.5  1.
   1.5  0. ]
 [ 3.5  2.5  2.   1.   4.   3.   2.5  1.5  2.   1.   0.5 -0.5  2.5  1.5
   1.   0. ]
 [ 0.   0.   0.   0.   0.   0.   0.   0.   0.   0.   0.   0.   0.   0.
   0.   0. ]]
reading input file ... 
chiAA 1
chiAB 2
chiAC -1
chiAD 1.5
chiBB 1
chiBC -1
chiBD -0.5
chiCC 1
chiCD 1.5
chiDD 1
grid move is : 1
loading production ... loaded: 1
read successfully
making output files ... created successfully
Initializing simulation objects ... 
grid size is : 28.7
grid.L is: 7
volume is: 0.00810849
load configuratin is 1
Loading configuration from input1024.xyz
1024
checking if nbeads in config.json matches number of beads in the first line of <input>.xyz ... 
nbeads in config.json matches <input>.xyz
atoms
Objects created
Initializing took 23646 microseconds 
Initializing cells: 
Setting active cells
setting up contacts
Beginning Simulation
Sweep number 0
acceptance rate: 84.1167%
trans: 57% 	crank: 63% 	pivot: 90% 	rot: 88.7695% 	
Sweep number 100
acceptance rate: 81.8942%
trans: 49.8416% 	crank: 68.8812% 	pivot: 61.3861% 	rot: 86.4954% 	
Sweep number 200
acceptance rate: 81.7142%
trans: 49.8856% 	crank: 68.9801% 	pivot: 63.2338% 	rot: 86.2465% 	
Sweep number 300
acceptance rate: 81.7149%
trans: 50.0897% 	crank: 68.7874% 	pivot: 62.5249% 	rot: 86.2532% 	
Sweep number 400
acceptance rate: 81.6702%
trans: 50.1347% 	crank: 68.6234% 	pivot: 63.2419% 	rot: 86.2039% 	
Sweep number 500
acceptance rate: 81.6696%
trans: 50.2834% 	crank: 68.7824% 	pivot: 63.014% 	rot: 86.1753% 	
Sweep number 600
acceptance rate: 81.6392%
trans: 50.3278% 	crank: 68.8952% 	pivot: 61.9634% 	rot: 86.1336% 	
Sweep number 700
acceptance rate: 81.6456%
trans: 50.2225% 	crank: 69% 	pivot: 61.184% 	rot: 86.149% 	
Sweep number 800
acceptance rate: 81.657%
trans: 50.3308% 	crank: 68.9426% 	pivot: 61.211% 	rot: 86.1576% 	
Sweep number 900
acceptance rate: 81.665%
trans: 50.4173% 	crank: 69.0733% 	pivot: 60.9767% 	rot: 86.1482% 	
Sweep number 1000
acceptance rate: 81.654%
trans: 50.2967% 	crank: 69.1628% 	pivot: 60.2997% 	rot: 86.1446% 	
Sweep number 1100
acceptance rate: 81.6553%
trans: 50.2271% 	crank: 69.1971% 	pivot: 60.6994% 	rot: 86.1457% 	
Sweep number 1200
acceptance rate: 81.6562%
trans: 50.2082% 	crank: 69.2132% 	pivot: 60.5995% 	rot: 86.1481% 	
Sweep number 1300
acceptance rate: 81.6566%
trans: 50.1975% 	crank: 69.1998% 	pivot: 60.6149% 	rot: 86.1507% 	
Sweep number 1400
acceptance rate: 81.6495%
trans: 50.2213% 	crank: 69.167% 	pivot: 60.7851% 	rot: 86.1414% 	
Sweep number 1500
acceptance rate: 81.6517%
trans: 50.2505% 	crank: 69.1259% 	pivot: 60.8861% 	rot: 86.1442% 	
Sweep number 1600
acceptance rate: 81.6293%
trans: 50.2923% 	crank: 69.0881% 	pivot: 60.2936% 	rot: 86.1227% 	
Sweep number 1700
acceptance rate: 81.6189%
trans: 50.284% 	crank: 69.0594% 	pivot: 59.6767% 	rot: 86.1198% 	
Sweep number 1800
acceptance rate: 81.6081%
trans: 50.2549% 	crank: 69.0522% 	pivot: 59.5391% 	rot: 86.1117% 	
Sweep number 1900
acceptance rate: 81.6061%
trans: 50.2593% 	crank: 69.0758% 	pivot: 59.5949% 	rot: 86.1059% 	
Sweep number 2000
acceptance rate: 81.5964%
trans: 50.2154% 	crank: 69.0505% 	pivot: 59.4353% 	rot: 86.1025% 	
Sweep number 2100
acceptance rate: 81.607%
trans: 50.248% 	crank: 69.0781% 	pivot: 59.6811% 	rot: 86.107% 	
Sweep number 2200
acceptance rate: 81.599%
trans: 50.1908% 	crank: 69.0432% 	pivot: 59.9409% 	rot: 86.1039% 	
Sweep number 2300
acceptance rate: 81.6%
trans: 50.229% 	crank: 69.0117% 	pivot: 60.1043% 	rot: 86.1029% 	
Sweep number 2400
acceptance rate: 81.5961%
trans: 50.2095% 	crank: 69.0087% 	pivot: 60.0042% 	rot: 86.1013% 	
Sweep number 2500
acceptance rate: 81.5926%
trans: 50.1907% 	crank: 69.0096% 	pivot: 60.02% 	rot: 86.0987% 	
Sweep number 2600
acceptance rate: 81.588%
trans: 50.1653% 	crank: 69.0238% 	pivot: 59.9231% 	rot: 86.0951% 	
Sweep number 2700
acceptance rate: 81.5917%
trans: 50.1325% 	crank: 69.0467% 	pivot: 59.9111% 	rot: 86.1007% 	
Sweep number 2800
acceptance rate: 81.6006%
trans: 50.1599% 	crank: 69.0514% 	pivot: 60.0286% 	rot: 86.1072% 	
Sweep number 2900
acceptance rate: 81.603%
trans: 50.1706% 	crank: 69.0438% 	pivot: 59.9793% 	rot: 86.1102% 	
Sweep number 3000
acceptance rate: 81.595%
trans: 50.1499% 	crank: 69.0367% 	pivot: 59.7867% 	rot: 86.1052% 	
Sweep number 3100
acceptance rate: 81.5919%
trans: 50.1271% 	crank: 69.0455% 	pivot: 59.8355% 	rot: 86.1024% 	
Sweep number 3200
acceptance rate: 81.5878%
trans: 50.1415% 	crank: 69.0284% 	pivot: 59.9688% 	rot: 86.0964% 	
Sweep number 3300
acceptance rate: 81.5938%
trans: 50.1366% 	crank: 69.0436% 	pivot: 59.9424% 	rot: 86.1028% 	
Sweep number 3400
acceptance rate: 81.5895%
trans: 50.102% 	crank: 69.0223% 	pivot: 60.0088% 	rot: 86.1025% 	
Sweep number 3500
acceptance rate: 81.5888%
trans: 50.0765% 	crank: 69.03% 	pivot: 59.9971% 	rot: 86.1035% 	
Sweep number 3600
acceptance rate: 81.5915%
trans: 50.0841% 	crank: 69.0242% 	pivot: 60.0694% 	rot: 86.1059% 	
Sweep number 3700
acceptance rate: 81.5924%
trans: 50.1089% 	crank: 69.0203% 	pivot: 59.9352% 	rot: 86.1062% 	
Sweep number 3800
acceptance rate: 81.597%
trans: 50.1392% 	crank: 69.03% 	pivot: 59.929% 	rot: 86.1079% 	
Sweep number 3900
acceptance rate: 81.5989%
trans: 50.1341% 	crank: 69.0267% 	pivot: 59.941% 	rot: 86.1109% 	
Sweep number 4000
acceptance rate: 81.6022%
trans: 50.1422% 	crank: 69.0292% 	pivot: 59.9875% 	rot: 86.1134% 	
Sweep number 4100
acceptance rate: 81.6081%
trans: 50.1531% 	crank: 69.03% 	pivot: 60.0415% 	rot: 86.1188% 	
Sweep number 4200
acceptance rate: 81.6066%
trans: 50.1573% 	crank: 68.9974% 	pivot: 60.0881% 	rot: 86.1194% 	
Sweep number 4300
acceptance rate: 81.6063%
trans: 50.1509% 	crank: 68.9902% 	pivot: 60.2139% 	rot: 86.1191% 	
Sweep number 4400
acceptance rate: 81.6122%
trans: 50.1577% 	crank: 69.0091% 	pivot: 60.1659% 	rot: 86.1241% 	
Sweep number 4500
acceptance rate: 81.6137%
trans: 50.1475% 	crank: 69.0202% 	pivot: 60.2422% 	rot: 86.1252% 	
Sweep number 4600
acceptance rate: 81.6081%
trans: 50.1413% 	crank: 69.0063% 	pivot: 60.2739% 	rot: 86.1201% 	
Sweep number 4700
acceptance rate: 81.6097%
trans: 50.1383% 	crank: 68.9945% 	pivot: 60.334% 	rot: 86.1228% 	
Sweep number 4800
acceptance rate: 81.6112%
trans: 50.1389% 	crank: 69.0004% 	pivot: 60.3458% 	rot: 86.1239% 	
Sweep number 4900
acceptance rate: 81.6075%
trans: 50.1471% 	crank: 68.9992% 	pivot: 60.2673% 	rot: 86.1195% 	
Sweep number 5000
acceptance rate: 81.6054%
trans: 50.1474% 	crank: 68.9992% 	pivot: 60.162% 	rot: 86.1179% 	
Sweep number 5100
acceptance rate: 81.6103%
trans: 50.1515% 	crank: 69.0249% 	pivot: 60.0961% 	rot: 86.1216% 	
Sweep number 5200
acceptance rate: 81.6111%
trans: 50.1529% 	crank: 69.0402% 	pivot: 60.1134% 	rot: 86.1207% 	
Sweep number 5300
acceptance rate: 81.614%
trans: 50.1681% 	crank: 69.0321% 	pivot: 60.2094% 	rot: 86.1227% 	
Sweep number 5400
acceptance rate: 81.6139%
trans: 50.162% 	crank: 69.0407% 	pivot: 60.1463% 	rot: 86.1228% 	
Sweep number 5500
acceptance rate: 81.6157%
trans: 50.1598% 	crank: 69.0404% 	pivot: 60.0654% 	rot: 86.1261% 	
Sweep number 5600
acceptance rate: 81.6179%
trans: 50.1698% 	crank: 69.0396% 	pivot: 59.9946% 	rot: 86.1285% 	
Sweep number 5700
acceptance rate: 81.6163%
trans: 50.1644% 	crank: 69.0337% 	pivot: 60.0316% 	rot: 86.1273% 	
Sweep number 5800
acceptance rate: 81.6152%
trans: 50.1672% 	crank: 69.0238% 	pivot: 60% 	rot: 86.127% 	
Sweep number 5900
acceptance rate: 81.6159%
trans: 50.1662% 	crank: 69.0244% 	pivot: 59.9932% 	rot: 86.128% 	
Sweep number 6000
acceptance rate: 81.6138%
trans: 50.149% 	crank: 69.014% 	pivot: 60.0633% 	rot: 86.1274% 	
Sweep number 6100
acceptance rate: 81.6161%
trans: 50.1472% 	crank: 69.0202% 	pivot: 60.136% 	rot: 86.1291% 	
Sweep number 6200
acceptance rate: 81.6151%
trans: 50.1587% 	crank: 69.0095% 	pivot: 60.1209% 	rot: 86.128% 	
Sweep number 6300
acceptance rate: 81.6158%
trans: 50.1632% 	crank: 69.0108% 	pivot: 60.0952% 	rot: 86.1285% 	
Sweep number 6400
acceptance rate: 81.612%
trans: 50.1508% 	crank: 69.0097% 	pivot: 59.9656% 	rot: 86.1265% 	
Sweep number 6500
acceptance rate: 81.6151%
trans: 50.1635% 	crank: 69.0163% 	pivot: 59.9323% 	rot: 86.1287% 	
Sweep number 6600
acceptance rate: 81.6137%
trans: 50.1624% 	crank: 69.0179% 	pivot: 59.9273% 	rot: 86.127% 	
Sweep number 6700
acceptance rate: 81.6137%
trans: 50.1589% 	crank: 69.0088% 	pivot: 59.9403% 	rot: 86.128% 	
Sweep number 6800
acceptance rate: 81.6171%
trans: 50.1688% 	crank: 69.0172% 	pivot: 59.8735% 	rot: 86.1311% 	
Sweep number 6900
acceptance rate: 81.6147%
trans: 50.1746% 	crank: 69.0251% 	pivot: 59.8348% 	rot: 86.1272% 	
Sweep number 7000
acceptance rate: 81.6143%
trans: 50.1765% 	crank: 69.0273% 	pivot: 59.82% 	rot: 86.1264% 	
Sweep number 7100
acceptance rate: 81.6099%
trans: 50.1772% 	crank: 69.0213% 	pivot: 59.8507% 	rot: 86.1213% 	
Sweep number 7200
acceptance rate: 81.6098%
trans: 50.1812% 	crank: 69.0204% 	pivot: 59.7945% 	rot: 86.1214% 	
Sweep number 7300
acceptance rate: 81.6095%
trans: 50.1727% 	crank: 69.0221% 	pivot: 59.7904% 	rot: 86.1218% 	
Sweep number 7400
acceptance rate: 81.6094%
trans: 50.1686% 	crank: 69.0157% 	pivot: 59.7541% 	rot: 86.1231% 	
Sweep number 7500
acceptance rate: 81.6113%
trans: 50.1854% 	crank: 69.0215% 	pivot: 59.784% 	rot: 86.1228% 	
Sweep number 7600
acceptance rate: 81.6123%
trans: 50.1922% 	crank: 69.0253% 	pivot: 59.8106% 	rot: 86.1227% 	
Sweep number 7700
acceptance rate: 81.6128%
trans: 50.1993% 	crank: 69.0339% 	pivot: 59.7818% 	rot: 86.1221% 	
Sweep number 7800
acceptance rate: 81.614%
trans: 50.1991% 	crank: 69.0344% 	pivot: 59.8077% 	rot: 86.1233% 	
Sweep number 7900
acceptance rate: 81.6147%
trans: 50.1995% 	crank: 69.0378% 	pivot: 59.8304% 	rot: 86.1235% 	
Sweep number 8000
acceptance rate: 81.6149%
trans: 50.2042% 	crank: 69.0389% 	pivot: 59.815% 	rot: 86.1234% 	
Sweep number 8100
acceptance rate: 81.613%
trans: 50.2091% 	crank: 69.0442% 	pivot: 59.7864% 	rot: 86.1204% 	
Sweep number 8200
acceptance rate: 81.615%
trans: 50.2191% 	crank: 69.0496% 	pivot: 59.8427% 	rot: 86.1208% 	
Sweep number 8300
acceptance rate: 81.6156%
trans: 50.2243% 	crank: 69.0455% 	pivot: 59.8542% 	rot: 86.1212% 	
Sweep number 8400
acceptance rate: 81.618%
trans: 50.2203% 	crank: 69.0405% 	pivot: 59.9226% 	rot: 86.1243% 	
Sweep number 8500
acceptance rate: 81.6159%
trans: 50.2041% 	crank: 69.0326% 	pivot: 59.9565% 	rot: 86.1238% 	
Sweep number 8600
acceptance rate: 81.6157%
trans: 50.2036% 	crank: 69.0198% 	pivot: 60.0116% 	rot: 86.1244% 	
Sweep number 8700
acceptance rate: 81.6156%
trans: 50.2055% 	crank: 69.018% 	pivot: 60.0483% 	rot: 86.1239% 	
Sweep number 8800
acceptance rate: 81.617%
trans: 50.2086% 	crank: 69.023% 	pivot: 60.1068% 	rot: 86.1241% 	
Sweep number 8900
acceptance rate: 81.6163%
trans: 50.2024% 	crank: 69.0202% 	pivot: 60.1753% 	rot: 86.1236% 	
Sweep number 9000
acceptance rate: 81.6173%
trans: 50.2108% 	crank: 69.0234% 	pivot: 60.2489% 	rot: 86.1229% 	
Sweep number 9100
acceptance rate: 81.617%
trans: 50.2096% 	crank: 69.0246% 	pivot: 60.2725% 	rot: 86.1223% 	
Sweep number 9200
acceptance rate: 81.6154%
trans: 50.202% 	crank: 69.0192% 	pivot: 60.2043% 	rot: 86.1223% 	
Sweep number 9300
acceptance rate: 81.6148%
trans: 50.1937% 	crank: 69.0191% 	pivot: 60.2236% 	rot: 86.1222% 	
Sweep number 9400
acceptance rate: 81.6154%
trans: 50.1863% 	crank: 69.0191% 	pivot: 60.283% 	rot: 86.1231% 	
Sweep number 9500
acceptance rate: 81.6154%
trans: 50.1757% 	crank: 69.0262% 	pivot: 60.3105% 	rot: 86.1231% 	
Sweep number 9600
acceptance rate: 81.6158%
trans: 50.1711% 	crank: 69.0239% 	pivot: 60.2698% 	rot: 86.1247% 	
Sweep number 9700
acceptance rate: 81.6142%
trans: 50.1729% 	crank: 69.0271% 	pivot: 60.2412% 	rot: 86.1226% 	
Sweep number 9800
acceptance rate: 81.614%
trans: 50.1805% 	crank: 69.03% 	pivot: 60.2734% 	rot: 86.121% 	
Sweep number 9900
acceptance rate: 81.6146%
trans: 50.1835% 	crank: 69.0217% 	pivot: 60.2283% 	rot: 86.1227% 	
Sweep number 10000
acceptance rate: 81.6156%
trans: 50.1864% 	crank: 69.0206% 	pivot: 60.189% 	rot: 86.1241% 	
Sweep number 10100
acceptance rate: 81.6165%
trans: 50.1843% 	crank: 69.0189% 	pivot: 60.202% 	rot: 86.1254% 	
Sweep number 10200
acceptance rate: 81.6152%
trans: 50.1803% 	crank: 69.0147% 	pivot: 60.2% 	rot: 86.1247% 	
Sweep number 10300
acceptance rate: 81.617%
trans: 50.1848% 	crank: 69.0103% 	pivot: 60.2543% 	rot: 86.1263% 	
Sweep number 10400
acceptance rate: 81.6169%
trans: 50.1784% 	crank: 69.0003% 	pivot: 60.3154% 	rot: 86.1272% 	
Sweep number 10500
acceptance rate: 81.6169%
trans: 50.1752% 	crank: 69.002% 	pivot: 60.3238% 	rot: 86.1272% 	
Sweep number 10600
acceptance rate: 81.6152%
trans: 50.1734% 	crank: 69.0018% 	pivot: 60.3452% 	rot: 86.1251% 	
Sweep number 10700
acceptance rate: 81.613%
trans: 50.1668% 	crank: 69.0008% 	pivot: 60.3691% 	rot: 86.123% 	
Sweep number 10800
acceptance rate: 81.6117%
trans: 50.1649% 	crank: 68.9964% 	pivot: 60.3916% 	rot: 86.1218% 	
Sweep number 10900
acceptance rate: 81.6107%
trans: 50.1608% 	crank: 68.9861% 	pivot: 60.3798% 	rot: 86.1222% 	
Sweep number 11000
acceptance rate: 81.6107%
trans: 50.1582% 	crank: 68.983% 	pivot: 60.4081% 	rot: 86.1225% 	
Sweep number 11100
acceptance rate: 81.6099%
trans: 50.1621% 	crank: 68.9784% 	pivot: 60.4342% 	rot: 86.1214% 	
Sweep number 11200
acceptance rate: 81.6095%
trans: 50.1647% 	crank: 68.9734% 	pivot: 60.4821% 	rot: 86.1206% 	
Sweep number 11300
acceptance rate: 81.6095%
trans: 50.1628% 	crank: 68.9673% 	pivot: 60.4929% 	rot: 86.1212% 	
Sweep number 11400
acceptance rate: 81.6089%
trans: 50.1625% 	crank: 68.9665% 	pivot: 60.4964% 	rot: 86.1207% 	
Sweep number 11500
acceptance rate: 81.6082%
trans: 50.1595% 	crank: 68.965% 	pivot: 60.4826% 	rot: 86.1204% 	
Sweep number 11600
acceptance rate: 81.6086%
trans: 50.1604% 	crank: 68.9684% 	pivot: 60.4844% 	rot: 86.1204% 	
Sweep number 11700
acceptance rate: 81.6092%
trans: 50.1543% 	crank: 68.9718% 	pivot: 60.4854% 	rot: 86.1213% 	
Sweep number 11800
acceptance rate: 81.6113%
trans: 50.1597% 	crank: 68.9804% 	pivot: 60.5186% 	rot: 86.1222% 	
Sweep number 11900
acceptance rate: 81.6101%
trans: 50.1576% 	crank: 68.9792% 	pivot: 60.5311% 	rot: 86.121% 	
Sweep number 12000
acceptance rate: 81.6092%
trans: 50.1577% 	crank: 68.9823% 	pivot: 60.48% 	rot: 86.1201% 	
Sweep number 12100
acceptance rate: 81.6077%
trans: 50.159% 	crank: 68.9845% 	pivot: 60.4702% 	rot: 86.1181% 	
Sweep number 12200
acceptance rate: 81.6074%
trans: 50.1597% 	crank: 68.9886% 	pivot: 60.4246% 	rot: 86.1176% 	
Sweep number 12300
acceptance rate: 81.6077%
trans: 50.1614% 	crank: 68.9826% 	pivot: 60.4146% 	rot: 86.1185% 	
Sweep number 12400
acceptance rate: 81.6065%
trans: 50.1642% 	crank: 68.974% 	pivot: 60.4387% 	rot: 86.1174% 	
Sweep number 12500
acceptance rate: 81.6075%
trans: 50.161% 	crank: 68.9789% 	pivot: 60.4576% 	rot: 86.1182% 	
Sweep number 12600
acceptance rate: 81.6072%
trans: 50.1601% 	crank: 68.9752% 	pivot: 60.4595% 	rot: 86.1183% 	
Sweep number 12700
acceptance rate: 81.6073%
trans: 50.1653% 	crank: 68.9772% 	pivot: 60.4882% 	rot: 86.1175% 	
Sweep number 12800
acceptance rate: 81.6073%
trans: 50.167% 	crank: 68.9852% 	pivot: 60.4828% 	rot: 86.1165% 	
Sweep number 12900
acceptance rate: 81.6077%
trans: 50.1705% 	crank: 68.9886% 	pivot: 60.4798% 	rot: 86.1164% 	
Sweep number 13000
acceptance rate: 81.6066%
trans: 50.1691% 	crank: 68.9873% 	pivot: 60.4569% 	rot: 86.1155% 	
Sweep number 13100
acceptance rate: 81.6058%
trans: 50.1687% 	crank: 68.9866% 	pivot: 60.4893% 	rot: 86.1144% 	
Sweep number 13200
acceptance rate: 81.607%
trans: 50.1767% 	crank: 68.9886% 	pivot: 60.5287% 	rot: 86.1145% 	
Sweep number 13300
acceptance rate: 81.6065%
trans: 50.1718% 	crank: 68.9932% 	pivot: 60.506% 	rot: 86.1141% 	
Sweep number 13400
acceptance rate: 81.6073%
trans: 50.168% 	crank: 69.0022% 	pivot: 60.4798% 	rot: 86.1148% 	
Sweep number 13500
acceptance rate: 81.6076%
trans: 50.1617% 	crank: 69.003% 	pivot: 60.5133% 	rot: 86.1154% 	
Sweep number 13600
acceptance rate: 81.609%
trans: 50.1702% 	crank: 69.0153% 	pivot: 60.5433% 	rot: 86.1148% 	
Sweep number 13700
acceptance rate: 81.6091%
trans: 50.1739% 	crank: 69.0144% 	pivot: 60.5408% 	rot: 86.1147% 	
Sweep number 13800
acceptance rate: 81.608%
trans: 50.1712% 	crank: 69.0113% 	pivot: 60.5442% 	rot: 86.1139% 	
Sweep number 13900
acceptance rate: 81.6074%
trans: 50.1644% 	crank: 69.0116% 	pivot: 60.5604% 	rot: 86.1136% 	
Sweep number 14000
acceptance rate: 81.6072%
trans: 50.1628% 	crank: 69.0108% 	pivot: 60.5764% 	rot: 86.1134% 	
Sweep number 14100
acceptance rate: 81.6078%
trans: 50.1608% 	crank: 69.0105% 	pivot: 60.6% 	rot: 86.1141% 	
Sweep number 14200
acceptance rate: 81.6073%
trans: 50.1622% 	crank: 69.0056% 	pivot: 60.595% 	rot: 86.114% 	
Sweep number 14300
acceptance rate: 81.6056%
trans: 50.1667% 	crank: 69.0004% 	pivot: 60.572% 	rot: 86.1122% 	
Sweep number 14400
acceptance rate: 81.6049%
trans: 50.1676% 	crank: 69.0015% 	pivot: 60.5264% 	rot: 86.1116% 	
Sweep number 14500
acceptance rate: 81.6053%
trans: 50.1656% 	crank: 69.0013% 	pivot: 60.5269% 	rot: 86.1123% 	
Sweep number 14600
acceptance rate: 81.6053%
trans: 50.1679% 	crank: 68.999% 	pivot: 60.539% 	rot: 86.1122% 	
Sweep number 14700
acceptance rate: 81.6037%
trans: 50.1645% 	crank: 68.9924% 	pivot: 60.5197% 	rot: 86.1115% 	
Sweep number 14800
acceptance rate: 81.6038%
trans: 50.1648% 	crank: 68.9945% 	pivot: 60.5297% 	rot: 86.1112% 	
Sweep number 14900
acceptance rate: 81.6032%
trans: 50.1643% 	crank: 68.9917% 	pivot: 60.5577% 	rot: 86.1106% 	
Sweep number 15000
acceptance rate: 81.6052%
trans: 50.1711% 	crank: 68.9958% 	pivot: 60.562% 	rot: 86.1119% 	
Sweep number 15100
acceptance rate: 81.6053%
trans: 50.1689% 	crank: 68.9949% 	pivot: 60.5907% 	rot: 86.1119% 	
Sweep number 15200
acceptance rate: 81.606%
trans: 50.1689% 	crank: 68.9946% 	pivot: 60.571% 	rot: 86.113% 	
Sweep number 15300
acceptance rate: 81.6061%
trans: 50.1705% 	crank: 68.998% 	pivot: 60.5601% 	rot: 86.1128% 	
Sweep number 15400
acceptance rate: 81.6071%
trans: 50.1686% 	crank: 68.9955% 	pivot: 60.5785% 	rot: 86.1142% 	
Sweep number 15500
acceptance rate: 81.6076%
trans: 50.1694% 	crank: 69.0002% 	pivot: 60.5922% 	rot: 86.1142% 	
Sweep number 15600
acceptance rate: 81.6068%
trans: 50.1718% 	crank: 69.0016% 	pivot: 60.6% 	rot: 86.1127% 	
Sweep number 15700
acceptance rate: 81.6054%
trans: 50.1705% 	crank: 69.0029% 	pivot: 60.5656% 	rot: 86.1114% 	
Sweep number 15800
acceptance rate: 81.6055%
trans: 50.1726% 	crank: 69.0044% 	pivot: 60.5829% 	rot: 86.111% 	
Sweep number 15900
acceptance rate: 81.6065%
trans: 50.1741% 	crank: 69.0052% 	pivot: 60.6251% 	rot: 86.1116% 	
Sweep number 16000
acceptance rate: 81.6063%
trans: 50.1723% 	crank: 69.0029% 	pivot: 60.6362% 	rot: 86.1116% 	
Sweep number 16100
acceptance rate: 81.6071%
trans: 50.1714% 	crank: 69.004% 	pivot: 60.6205% 	rot: 86.1127% 	
Sweep number 16200
acceptance rate: 81.6081%
trans: 50.1694% 	crank: 69.0041% 	pivot: 60.6172% 	rot: 86.1141% 	
Sweep number 16300
acceptance rate: 81.6098%
trans: 50.171% 	crank: 69.0038% 	pivot: 60.627% 	rot: 86.1159% 	
Sweep number 16400
acceptance rate: 81.6106%
trans: 50.1758% 	crank: 69.0016% 	pivot: 60.6506% 	rot: 86.1165% 	
Sweep number 16500
acceptance rate: 81.6089%
trans: 50.1743% 	crank: 68.9993% 	pivot: 60.6503% 	rot: 86.1148% 	
Sweep number 16600
acceptance rate: 81.609%
trans: 50.1757% 	crank: 68.9975% 	pivot: 60.6771% 	rot: 86.1146% 	
Sweep number 16700
acceptance rate: 81.6093%
trans: 50.1752% 	crank: 68.9989% 	pivot: 60.6904% 	rot: 86.1148% 	
Sweep number 16800
acceptance rate: 81.6094%
trans: 50.1732% 	crank: 68.9992% 	pivot: 60.6958% 	rot: 86.115% 	
Sweep number 16900
acceptance rate: 81.6095%
trans: 50.1722% 	crank: 69.0002% 	pivot: 60.6875% 	rot: 86.1152% 	
Sweep number 17000
acceptance rate: 81.6099%
trans: 50.1699% 	crank: 69.0059% 	pivot: 60.6864% 	rot: 86.1154% 	
Sweep number 17100
acceptance rate: 81.6099%
trans: 50.1738% 	crank: 69.0024% 	pivot: 60.6836% 	rot: 86.1154% 	
Sweep number 17200
acceptance rate: 81.6093%
trans: 50.1764% 	crank: 68.9988% 	pivot: 60.6593% 	rot: 86.115% 	
Sweep number 17300
acceptance rate: 81.6091%
trans: 50.1758% 	crank: 69.0005% 	pivot: 60.6595% 	rot: 86.1147% 	
Sweep number 17400
acceptance rate: 81.6092%
trans: 50.1771% 	crank: 68.9967% 	pivot: 60.681% 	rot: 86.1148% 	
Sweep number 17500
acceptance rate: 81.6098%
trans: 50.1794% 	crank: 68.9978% 	pivot: 60.692% 	rot: 86.115% 	
Sweep number 17600
acceptance rate: 81.6105%
trans: 50.1829% 	crank: 69.0016% 	pivot: 60.6966% 	rot: 86.1151% 	
Sweep number 17700
acceptance rate: 81.6109%
trans: 50.1846% 	crank: 68.9968% 	pivot: 60.7226% 	rot: 86.1157% 	
Sweep number 17800
acceptance rate: 81.6088%
trans: 50.1788% 	crank: 68.9894% 	pivot: 60.6927% 	rot: 86.1148% 	
Sweep number 17900
acceptance rate: 81.6084%
trans: 50.1804% 	crank: 68.9887% 	pivot: 60.6542% 	rot: 86.1145% 	
Sweep number 18000
acceptance rate: 81.6087%
trans: 50.1855% 	crank: 68.9927% 	pivot: 60.6522% 	rot: 86.1141% 	
Sweep number 18100
acceptance rate: 81.6085%
trans: 50.1875% 	crank: 68.9972% 	pivot: 60.6563% 	rot: 86.1131% 	
Sweep number 18200
acceptance rate: 81.6089%
trans: 50.1889% 	crank: 68.9956% 	pivot: 60.6577% 	rot: 86.1136% 	
Sweep number 18300
acceptance rate: 81.609%
trans: 50.1905% 	crank: 68.9986% 	pivot: 60.6792% 	rot: 86.1131% 	
Sweep number 18400
acceptance rate: 81.6088%
trans: 50.1897% 	crank: 68.9941% 	pivot: 60.7005% 	rot: 86.1131% 	
Sweep number 18500
acceptance rate: 81.6095%
trans: 50.1927% 	crank: 68.9949% 	pivot: 60.7221% 	rot: 86.1135% 	
Sweep number 18600
acceptance rate: 81.6098%
trans: 50.1959% 	crank: 68.9926% 	pivot: 60.7435% 	rot: 86.1134% 	
Sweep number 18700
acceptance rate: 81.6092%
trans: 50.193% 	crank: 68.9939% 	pivot: 60.7438% 	rot: 86.1129% 	
Sweep number 18800
acceptance rate: 81.6086%
trans: 50.1908% 	crank: 68.9898% 	pivot: 60.742% 	rot: 86.1129% 	
Sweep number 18900
acceptance rate: 81.6075%
trans: 50.1885% 	crank: 68.9897% 	pivot: 60.7143% 	rot: 86.112% 	
Sweep number 19000
acceptance rate: 81.6074%
trans: 50.1856% 	crank: 68.9864% 	pivot: 60.7294% 	rot: 86.1123% 	
Sweep number 19100
acceptance rate: 81.6076%
trans: 50.1848% 	crank: 68.9848% 	pivot: 60.7403% 	rot: 86.1128% 	
Sweep number 19200
acceptance rate: 81.6075%
trans: 50.1861% 	crank: 68.9818% 	pivot: 60.7442% 	rot: 86.1127% 	
Sweep number 19300
acceptance rate: 81.6082%
trans: 50.1863% 	crank: 68.9853% 	pivot: 60.7331% 	rot: 86.1133% 	
Sweep number 19400
acceptance rate: 81.608%
trans: 50.1836% 	crank: 68.988% 	pivot: 60.7386% 	rot: 86.1131% 	
Sweep number 19500
acceptance rate: 81.6086%
trans: 50.1825% 	crank: 68.9914% 	pivot: 60.7477% 	rot: 86.1134% 	
Sweep number 19600
acceptance rate: 81.6084%
trans: 50.1874% 	crank: 68.9899% 	pivot: 60.7102% 	rot: 86.1132% 	
Sweep number 19700
acceptance rate: 81.6083%
trans: 50.191% 	crank: 68.9919% 	pivot: 60.6847% 	rot: 86.1128% 	
Sweep number 19800
acceptance rate: 81.6083%
trans: 50.1914% 	crank: 68.9913% 	pivot: 60.6889% 	rot: 86.1128% 	
Sweep number 19900
acceptance rate: 81.6092%
trans: 50.1937% 	crank: 68.9904% 	pivot: 60.6975% 	rot: 86.1136% 	
Sweep number 20000
acceptance rate: 81.6097%
trans: 50.1954% 	crank: 68.9893% 	pivot: 60.7315% 	rot: 86.1138% 	
Sweep number 20100
acceptance rate: 81.6098%
trans: 50.1919% 	crank: 68.9931% 	pivot: 60.7666% 	rot: 86.1136% 	
Sweep number 20200
acceptance rate: 81.6095%
trans: 50.1902% 	crank: 68.9905% 	pivot: 60.7787% 	rot: 86.1135% 	
Sweep number 20300
acceptance rate: 81.6093%
trans: 50.1904% 	crank: 68.9894% 	pivot: 60.7817% 	rot: 86.1133% 	
Sweep number 20400
acceptance rate: 81.6098%
trans: 50.1861% 	crank: 68.9958% 	pivot: 60.7838% 	rot: 86.1137% 	
Sweep number 20500
acceptance rate: 81.6098%
trans: 50.1829% 	crank: 69.0003% 	pivot: 60.7726% 	rot: 86.1137% 	
Sweep number 20600
acceptance rate: 81.6093%
trans: 50.1849% 	crank: 68.9964% 	pivot: 60.7742% 	rot: 86.1133% 	
Sweep number 20700
acceptance rate: 81.6094%
trans: 50.1854% 	crank: 68.9953% 	pivot: 60.7922% 	rot: 86.1132% 	
Sweep number 20800
acceptance rate: 81.6098%
trans: 50.1845% 	crank: 68.9966% 	pivot: 60.8028% 	rot: 86.1137% 	
Sweep number 20900
acceptance rate: 81.6094%
trans: 50.1839% 	crank: 68.9973% 	pivot: 60.8229% 	rot: 86.113% 	
Sweep number 21000
acceptance rate: 81.6097%
trans: 50.1811% 	crank: 69.0001% 	pivot: 60.8461% 	rot: 86.113% 	
Sweep number 21100
acceptance rate: 81.6089%
trans: 50.1801% 	crank: 69.0008% 	pivot: 60.8554% 	rot: 86.112% 	
Sweep number 21200
acceptance rate: 81.61%
trans: 50.1792% 	crank: 69.0019% 	pivot: 60.8717% 	rot: 86.1132% 	
Sweep number 21300
acceptance rate: 81.6107%
trans: 50.1798% 	crank: 69.0051% 	pivot: 60.8704% 	rot: 86.1136% 	
Sweep number 21400
acceptance rate: 81.6108%
trans: 50.1815% 	crank: 69.0079% 	pivot: 60.8789% 	rot: 86.1133% 	
Sweep number 21500
acceptance rate: 81.6112%
trans: 50.1831% 	crank: 69.0101% 	pivot: 60.8944% 	rot: 86.1132% 	
Sweep number 21600
acceptance rate: 81.6103%
trans: 50.1803% 	crank: 69.0076% 	pivot: 60.8754% 	rot: 86.1129% 	
Sweep number 21700
acceptance rate: 81.6093%
trans: 50.1848% 	crank: 69.006% 	pivot: 60.8871% 	rot: 86.1112% 	
Sweep number 21800
acceptance rate: 81.6103%
trans: 50.1911% 	crank: 69.0069% 	pivot: 60.883% 	rot: 86.1118% 	
Sweep number 21900
acceptance rate: 81.6106%
trans: 50.1888% 	crank: 69.0041% 	pivot: 60.8963% 	rot: 86.1126% 	
Sweep number 22000
acceptance rate: 81.6109%
trans: 50.19% 	crank: 69.0026% 	pivot: 60.9127% 	rot: 86.1128% 	
Sweep number 22100
acceptance rate: 81.611%
trans: 50.1901% 	crank: 69.0063% 	pivot: 60.9208% 	rot: 86.1125% 	
Sweep number 22200
acceptance rate: 81.6115%
trans: 50.1899% 	crank: 69.0066% 	pivot: 60.9333% 	rot: 86.1129% 	
Sweep number 22300
acceptance rate: 81.6108%
trans: 50.1879% 	crank: 69.0015% 	pivot: 60.9466% 	rot: 86.1126% 	
Sweep number 22400
acceptance rate: 81.6102%
trans: 50.1899% 	crank: 69.0026% 	pivot: 60.92% 	rot: 86.1119% 	
Sweep number 22500
acceptance rate: 81.6111%
trans: 50.1927% 	crank: 69.0065% 	pivot: 60.9408% 	rot: 86.1121% 	
Sweep number 22600
acceptance rate: 81.6111%
trans: 50.1909% 	crank: 69.0052% 	pivot: 60.9588% 	rot: 86.1122% 	
Sweep number 22700
acceptance rate: 81.6114%
trans: 50.1913% 	crank: 69.0077% 	pivot: 60.9766% 	rot: 86.1121% 	
Sweep number 22800
acceptance rate: 81.611%
trans: 50.1929% 	crank: 69.0079% 	pivot: 60.9807% 	rot: 86.1114% 	
Sweep number 22900
acceptance rate: 81.6109%
trans: 50.1928% 	crank: 69.0079% 	pivot: 60.9794% 	rot: 86.1114% 	
Sweep number 23000
acceptance rate: 81.6119%
trans: 50.1921% 	crank: 69.0103% 	pivot: 60.993% 	rot: 86.1123% 	
Sweep number 23100
acceptance rate: 81.6121%
trans: 50.193% 	crank: 69.0098% 	pivot: 60.9753% 	rot: 86.1126% 	
Sweep number 23200
acceptance rate: 81.6117%
trans: 50.1959% 	crank: 69.009% 	pivot: 60.9702% 	rot: 86.1119% 	
Sweep number 23300
acceptance rate: 81.6123%
trans: 50.1991% 	crank: 69.008% 	pivot: 60.9884% 	rot: 86.1123% 	
Sweep number 23400
acceptance rate: 81.6123%
trans: 50.2035% 	crank: 69.0079% 	pivot: 60.9564% 	rot: 86.1122% 	
Sweep number 23500
acceptance rate: 81.6122%
trans: 50.2004% 	crank: 69.0103% 	pivot: 60.9519% 	rot: 86.1121% 	
Sweep number 23600
acceptance rate: 81.6127%
trans: 50.201% 	crank: 69.0098% 	pivot: 60.9589% 	rot: 86.1126% 	
Sweep number 23700
acceptance rate: 81.6128%
trans: 50.2007% 	crank: 69.0095% 	pivot: 60.9422% 	rot: 86.1131% 	
Sweep number 23800
acceptance rate: 81.6123%
trans: 50.2014% 	crank: 69.0076% 	pivot: 60.9218% 	rot: 86.1128% 	
Sweep number 23900
acceptance rate: 81.6123%
trans: 50.2% 	crank: 69.0063% 	pivot: 60.9242% 	rot: 86.113% 	
Sweep number 24000
acceptance rate: 81.6117%
trans: 50.1972% 	crank: 69.0058% 	pivot: 60.9216% 	rot: 86.1126% 	
Sweep number 24100
acceptance rate: 81.6111%
trans: 50.2014% 	crank: 69.0057% 	pivot: 60.9087% 	rot: 86.1117% 	
Sweep number 24200
acceptance rate: 81.6114%
trans: 50.2035% 	crank: 69.0039% 	pivot: 60.8917% 	rot: 86.1121% 	
Sweep number 24300
acceptance rate: 81.611%
trans: 50.2035% 	crank: 69.006% 	pivot: 60.8724% 	rot: 86.1117% 	
Sweep number 24400
acceptance rate: 81.6111%
trans: 50.2056% 	crank: 69.0089% 	pivot: 60.8852% 	rot: 86.1111% 	
Sweep number 24500
acceptance rate: 81.611%
trans: 50.2077% 	crank: 69.0051% 	pivot: 60.8783% 	rot: 86.1112% 	
Sweep number 24600
acceptance rate: 81.6114%
trans: 50.2073% 	crank: 69.0046% 	pivot: 60.874% 	rot: 86.1118% 	
Sweep number 24700
acceptance rate: 81.6106%
trans: 50.2079% 	crank: 69.0046% 	pivot: 60.8656% 	rot: 86.1109% 	
Sweep number 24800
acceptance rate: 81.6102%
trans: 50.2102% 	crank: 69.0077% 	pivot: 60.8516% 	rot: 86.11% 	
Sweep number 24900
acceptance rate: 81.609%
trans: 50.2081% 	crank: 69.0049% 	pivot: 60.8478% 	rot: 86.1092% 	
Sweep number 25000
acceptance rate: 81.6095%
trans: 50.2111% 	crank: 69.0012% 	pivot: 60.8468% 	rot: 86.1098% 	
Sweep number 25100
acceptance rate: 81.6092%
trans: 50.2113% 	crank: 68.9986% 	pivot: 60.8346% 	rot: 86.1098% 	
Sweep number 25200
acceptance rate: 81.61%
trans: 50.2117% 	crank: 68.9985% 	pivot: 60.8305% 	rot: 86.1108% 	
Sweep number 25300
acceptance rate: 81.6101%
trans: 50.2127% 	crank: 68.9957% 	pivot: 60.8237% 	rot: 86.1111% 	
Sweep number 25400
acceptance rate: 81.6099%
trans: 50.2094% 	crank: 68.9978% 	pivot: 60.835% 	rot: 86.1109% 	
Sweep number 25500
acceptance rate: 81.609%
trans: 50.2102% 	crank: 68.9982% 	pivot: 60.8549% 	rot: 86.1095% 	
Sweep number 25600
acceptance rate: 81.6083%
trans: 50.2077% 	crank: 68.9978% 	pivot: 60.8457% 	rot: 86.109% 	
Sweep number 25700
acceptance rate: 81.6089%
trans: 50.2103% 	crank: 68.9993% 	pivot: 60.8412% 	rot: 86.1093% 	
Sweep number 25800
acceptance rate: 81.6079%
trans: 50.2078% 	crank: 68.9969% 	pivot: 60.8546% 	rot: 86.1085% 	
Sweep number 25900
acceptance rate: 81.607%
trans: 50.2045% 	crank: 68.9951% 	pivot: 60.8675% 	rot: 86.1078% 	
Sweep number 26000
acceptance rate: 81.6066%
trans: 50.2048% 	crank: 68.9915% 	pivot: 60.8642% 	rot: 86.1077% 	
Sweep number 26100
acceptance rate: 81.6067%
trans: 50.2056% 	crank: 68.9911% 	pivot: 60.8728% 	rot: 86.1076% 	
Sweep number 26200
acceptance rate: 81.6062%
trans: 50.205% 	crank: 68.9868% 	pivot: 60.871% 	rot: 86.1076% 	
Sweep number 26300
acceptance rate: 81.6065%
trans: 50.2045% 	crank: 68.9855% 	pivot: 60.8703% 	rot: 86.1081% 	
Sweep number 26400
acceptance rate: 81.6062%
trans: 50.2037% 	crank: 68.9839% 	pivot: 60.8651% 	rot: 86.1081% 	
Sweep number 26500
acceptance rate: 81.606%
trans: 50.2044% 	crank: 68.98% 	pivot: 60.8577% 	rot: 86.1083% 	
Sweep number 26600
acceptance rate: 81.6056%
trans: 50.2022% 	crank: 68.9787% 	pivot: 60.8601% 	rot: 86.108% 	
Sweep number 26700
acceptance rate: 81.6053%
trans: 50.2% 	crank: 68.9792% 	pivot: 60.8734% 	rot: 86.1077% 	
Sweep number 26800
acceptance rate: 81.6051%
trans: 50.1993% 	crank: 68.9776% 	pivot: 60.8836% 	rot: 86.1076% 	
Sweep number 26900
acceptance rate: 81.6043%
trans: 50.2002% 	crank: 68.9743% 	pivot: 60.8858% 	rot: 86.1068% 	
Sweep number 27000
acceptance rate: 81.6041%
trans: 50.2001% 	crank: 68.9762% 	pivot: 60.8774% 	rot: 86.1065% 	
Sweep number 27100
acceptance rate: 81.6043%
trans: 50.1977% 	crank: 68.9757% 	pivot: 60.8852% 	rot: 86.1069% 	
Sweep number 27200
acceptance rate: 81.6033%
trans: 50.1983% 	crank: 68.976% 	pivot: 60.9007% 	rot: 86.1055% 	
Sweep number 27300
acceptance rate: 81.603%
trans: 50.1953% 	crank: 68.9737% 	pivot: 60.9022% 	rot: 86.1056% 	
Sweep number 27400
acceptance rate: 81.6028%
trans: 50.1919% 	crank: 68.9731% 	pivot: 60.8952% 	rot: 86.1058% 	
Sweep number 27500
acceptance rate: 81.6026%
trans: 50.1908% 	crank: 68.9732% 	pivot: 60.9109% 	rot: 86.1056% 	
Sweep number 27600
acceptance rate: 81.6029%
trans: 50.1912% 	crank: 68.9732% 	pivot: 60.8902% 	rot: 86.1061% 	
Sweep number 27700
acceptance rate: 81.6036%
trans: 50.1923% 	crank: 68.976% 	pivot: 60.892% 	rot: 86.1065% 	
Sweep number 27800
acceptance rate: 81.6035%
trans: 50.1946% 	crank: 68.9762% 	pivot: 60.8852% 	rot: 86.1063% 	
Sweep number 27900
acceptance rate: 81.6035%
trans: 50.1936% 	crank: 68.9761% 	pivot: 60.8856% 	rot: 86.1063% 	
Sweep number 28000
acceptance rate: 81.6043%
trans: 50.1984% 	crank: 68.9784% 	pivot: 60.8985% 	rot: 86.1064% 	
Sweep number 28100
acceptance rate: 81.6048%
trans: 50.1988% 	crank: 68.974% 	pivot: 60.9042% 	rot: 86.1074% 	
Sweep number 28200
acceptance rate: 81.6046%
trans: 50.1975% 	crank: 68.9744% 	pivot: 60.9049% 	rot: 86.1072% 	
Sweep number 28300
acceptance rate: 81.6044%
trans: 50.1973% 	crank: 68.9728% 	pivot: 60.9183% 	rot: 86.107% 	
Sweep number 28400
acceptance rate: 81.6047%
trans: 50.1985% 	crank: 68.9731% 	pivot: 60.9331% 	rot: 86.1071% 	
Sweep number 28500
acceptance rate: 81.6048%
trans: 50.1981% 	crank: 68.9743% 	pivot: 60.9084% 	rot: 86.1074% 	
Sweep number 28600
acceptance rate: 81.6043%
trans: 50.1972% 	crank: 68.9742% 	pivot: 60.9188% 	rot: 86.1069% 	
Sweep number 28700
acceptance rate: 81.6048%
trans: 50.197% 	crank: 68.9771% 	pivot: 60.9331% 	rot: 86.107% 	
Sweep number 28800
acceptance rate: 81.6052%
trans: 50.1996% 	crank: 68.9793% 	pivot: 60.9503% 	rot: 86.1068% 	
Sweep number 28900
acceptance rate: 81.6052%
trans: 50.2013% 	crank: 68.9789% 	pivot: 60.9578% 	rot: 86.1067% 	
Sweep number 29000
acceptance rate: 81.6049%
trans: 50.2009% 	crank: 68.9799% 	pivot: 60.9403% 	rot: 86.1064% 	
Sweep number 29100
acceptance rate: 81.6049%
trans: 50.199% 	crank: 68.9835% 	pivot: 60.9323% 	rot: 86.1063% 	
Sweep number 29200
acceptance rate: 81.6049%
trans: 50.1969% 	crank: 68.9854% 	pivot: 60.9236% 	rot: 86.1064% 	
Sweep number 29300
acceptance rate: 81.6051%
trans: 50.1984% 	crank: 68.9886% 	pivot: 60.928% 	rot: 86.1061% 	
Sweep number 29400
acceptance rate: 81.6053%
trans: 50.1972% 	crank: 68.9916% 	pivot: 60.9248% 	rot: 86.1063% 	
Sweep number 29500
acceptance rate: 81.6049%
trans: 50.1956% 	crank: 68.9924% 	pivot: 60.9383% 	rot: 86.1057% 	
Sweep number 29600
acceptance rate: 81.6051%
trans: 50.1938% 	crank: 68.9946% 	pivot: 60.9537% 	rot: 86.1058% 	
Sweep number 29700
acceptance rate: 81.6058%
trans: 50.1969% 	crank: 68.9945% 	pivot: 60.9538% 	rot: 86.1063% 	
Sweep number 29800
acceptance rate: 81.6054%
trans: 50.1957% 	crank: 68.9936% 	pivot: 60.9359% 	rot: 86.1063% 	
Sweep number 29900
acceptance rate: 81.6055%
trans: 50.1942% 	crank: 68.9898% 	pivot: 60.9475% 	rot: 86.1067% 	
Sweep number 30000
acceptance rate: 81.6041%
trans: 50.1931% 	crank: 68.987% 	pivot: 60.936% 	rot: 86.1056% 	
Sweep number 30100
acceptance rate: 81.604%
trans: 50.1922% 	crank: 68.9836% 	pivot: 60.9265% 	rot: 86.1059% 	
Sweep number 30200
acceptance rate: 81.6043%
trans: 50.1962% 	crank: 68.9804% 	pivot: 60.9275% 	rot: 86.1062% 	
Sweep number 30300
acceptance rate: 81.6042%
trans: 50.1957% 	crank: 68.9777% 	pivot: 60.9392% 	rot: 86.1062% 	
Sweep number 30400
acceptance rate: 81.6039%
trans: 50.197% 	crank: 68.9772% 	pivot: 60.9421% 	rot: 86.1058% 	
Sweep number 30500
acceptance rate: 81.6042%
trans: 50.1958% 	crank: 68.9771% 	pivot: 60.9426% 	rot: 86.1063% 	
Sweep number 30600
acceptance rate: 81.6033%
trans: 50.1974% 	crank: 68.9744% 	pivot: 60.9336% 	rot: 86.1054% 	
Sweep number 30700
acceptance rate: 81.6031%
trans: 50.1968% 	crank: 68.9724% 	pivot: 60.9215% 	rot: 86.1056% 	
Sweep number 30800
acceptance rate: 81.6031%
trans: 50.1964% 	crank: 68.9739% 	pivot: 60.9198% 	rot: 86.1055% 	
Sweep number 30900
acceptance rate: 81.6035%
trans: 50.1966% 	crank: 68.9734% 	pivot: 60.9288% 	rot: 86.1059% 	
Sweep number 31000
acceptance rate: 81.6036%
trans: 50.1975% 	crank: 68.9727% 	pivot: 60.9355% 	rot: 86.1059% 	
Sweep number 31100
acceptance rate: 81.6029%
trans: 50.1962% 	crank: 68.9719% 	pivot: 60.9353% 	rot: 86.1053% 	
Sweep number 31200
acceptance rate: 81.603%
trans: 50.1943% 	crank: 68.972% 	pivot: 60.9474% 	rot: 86.1054% 	
Sweep number 31300
acceptance rate: 81.6024%
trans: 50.1922% 	crank: 68.9674% 	pivot: 60.9552% 	rot: 86.1054% 	
Sweep number 31400
acceptance rate: 81.602%
trans: 50.1916% 	crank: 68.9669% 	pivot: 60.9704% 	rot: 86.1048% 	
Sweep number 31500
acceptance rate: 81.6019%
trans: 50.1905% 	crank: 68.966% 	pivot: 60.9806% 	rot: 86.1048% 	
Sweep number 31600
acceptance rate: 81.6023%
trans: 50.191% 	crank: 68.9662% 	pivot: 60.9845% 	rot: 86.1052% 	
Sweep number 31700
acceptance rate: 81.6025%
trans: 50.192% 	crank: 68.9674% 	pivot: 60.9968% 	rot: 86.1051% 	
Sweep number 31800
acceptance rate: 81.6024%
trans: 50.1916% 	crank: 68.9664% 	pivot: 61.0088% 	rot: 86.105% 	
Sweep number 31900
acceptance rate: 81.602%
trans: 50.1897% 	crank: 68.9624% 	pivot: 60.9881% 	rot: 86.1052% 	
Sweep number 32000
acceptance rate: 81.6019%
trans: 50.1893% 	crank: 68.9618% 	pivot: 60.9893% 	rot: 86.1052% 	
Sweep number 32100
acceptance rate: 81.6014%
trans: 50.1892% 	crank: 68.9613% 	pivot: 60.9794% 	rot: 86.1047% 	
Sweep number 32200
acceptance rate: 81.6017%
trans: 50.1881% 	crank: 68.9645% 	pivot: 60.9764% 	rot: 86.105% 	
Sweep number 32300
acceptance rate: 81.6021%
trans: 50.1901% 	crank: 68.9622% 	pivot: 60.9888% 	rot: 86.1053% 	
Sweep number 32400
acceptance rate: 81.6023%
trans: 50.1896% 	crank: 68.9619% 	pivot: 60.996% 	rot: 86.1056% 	
Sweep number 32500
acceptance rate: 81.6018%
trans: 50.1903% 	crank: 68.9611% 	pivot: 60.9901% 	rot: 86.105% 	
Sweep number 32600
acceptance rate: 81.6012%
trans: 50.1853% 	crank: 68.9587% 	pivot: 60.9696% 	rot: 86.1052% 	
Sweep number 32700
acceptance rate: 81.6017%
trans: 50.1877% 	crank: 68.9577% 	pivot: 60.9572% 	rot: 86.1059% 	
Sweep number 32800
acceptance rate: 81.6022%
trans: 50.1889% 	crank: 68.959% 	pivot: 60.9582% 	rot: 86.1062% 	
Sweep number 32900
acceptance rate: 81.6024%
trans: 50.188% 	crank: 68.9619% 	pivot: 60.952% 	rot: 86.1063% 	
Sweep number 33000
acceptance rate: 81.6029%
trans: 50.1884% 	crank: 68.9604% 	pivot: 60.96% 	rot: 86.107% 	
Sweep number 33100
acceptance rate: 81.6023%
trans: 50.1901% 	crank: 68.9582% 	pivot: 60.9583% 	rot: 86.1062% 	
Sweep number 33200
acceptance rate: 81.6025%
trans: 50.19% 	crank: 68.9581% 	pivot: 60.9723% 	rot: 86.1065% 	
Sweep number 33300
acceptance rate: 81.6026%
trans: 50.1876% 	crank: 68.9572% 	pivot: 60.9684% 	rot: 86.1069% 	
Sweep number 33400
acceptance rate: 81.6024%
trans: 50.1851% 	crank: 68.9543% 	pivot: 60.9709% 	rot: 86.1072% 	
Sweep number 33500
acceptance rate: 81.6022%
trans: 50.1858% 	crank: 68.9527% 	pivot: 60.9597% 	rot: 86.1071% 	
Sweep number 33600
acceptance rate: 81.6021%
trans: 50.1839% 	crank: 68.9527% 	pivot: 60.955% 	rot: 86.1073% 	
Sweep number 33700
acceptance rate: 81.6023%
trans: 50.1849% 	crank: 68.9528% 	pivot: 60.9593% 	rot: 86.1073% 	
Sweep number 33800
acceptance rate: 81.6016%
trans: 50.1817% 	crank: 68.9512% 	pivot: 60.9497% 	rot: 86.107% 	
Sweep number 33900
acceptance rate: 81.6021%
trans: 50.181% 	crank: 68.9528% 	pivot: 60.9504% 	rot: 86.1075% 	
Sweep number 34000
acceptance rate: 81.6023%
trans: 50.1798% 	crank: 68.9521% 	pivot: 60.9532% 	rot: 86.1079% 	
Sweep number 34100
acceptance rate: 81.6015%
trans: 50.1795% 	crank: 68.9526% 	pivot: 60.9484% 	rot: 86.1069% 	
Sweep number 34200
acceptance rate: 81.6018%
trans: 50.1801% 	crank: 68.9555% 	pivot: 60.9441% 	rot: 86.1071% 	
Sweep number 34300
acceptance rate: 81.6015%
trans: 50.1802% 	crank: 68.954% 	pivot: 60.9568% 	rot: 86.1067% 	
Sweep number 34400
acceptance rate: 81.6014%
trans: 50.1776% 	crank: 68.9554% 	pivot: 60.968% 	rot: 86.1066% 	
Sweep number 34500
acceptance rate: 81.6013%
trans: 50.1759% 	crank: 68.9567% 	pivot: 60.9901% 	rot: 86.1063% 	
Sweep number 34600
acceptance rate: 81.6018%
trans: 50.1754% 	crank: 68.9588% 	pivot: 60.9933% 	rot: 86.1067% 	
Sweep number 34700
acceptance rate: 81.6017%
trans: 50.1741% 	crank: 68.959% 	pivot: 60.9939% 	rot: 86.1067% 	
Sweep number 34800
acceptance rate: 81.6021%
trans: 50.1757% 	crank: 68.9606% 	pivot: 61.0005% 	rot: 86.1068% 	
Sweep number 34900
acceptance rate: 81.6023%
trans: 50.1772% 	crank: 68.9601% 	pivot: 61.0149% 	rot: 86.1068% 	
Sweep number 35000
acceptance rate: 81.6022%
trans: 50.1779% 	crank: 68.9602% 	pivot: 61.0214% 	rot: 86.1065% 	
Sweep number 35100
acceptance rate: 81.6023%
trans: 50.1804% 	crank: 68.9592% 	pivot: 61.0182% 	rot: 86.1065% 	
Sweep number 35200
acceptance rate: 81.6024%
trans: 50.184% 	crank: 68.96% 	pivot: 61.0216% 	rot: 86.1061% 	
Sweep number 35300
acceptance rate: 81.6027%
trans: 50.1847% 	crank: 68.9612% 	pivot: 61.019% 	rot: 86.1064% 	
Sweep number 35400
acceptance rate: 81.6028%
trans: 50.1836% 	crank: 68.9624% 	pivot: 61.0059% 	rot: 86.1066% 	
Sweep number 35500
acceptance rate: 81.6026%
trans: 50.1855% 	crank: 68.9635% 	pivot: 60.9957% 	rot: 86.1062% 	
Sweep number 35600
acceptance rate: 81.6023%
trans: 50.1835% 	crank: 68.9621% 	pivot: 61.0056% 	rot: 86.1061% 	
Sweep number 35700
acceptance rate: 81.6022%
trans: 50.1828% 	crank: 68.9647% 	pivot: 61.0047% 	rot: 86.1058% 	
Sweep number 35800
acceptance rate: 81.6022%
trans: 50.1825% 	crank: 68.9649% 	pivot: 61.0081% 	rot: 86.1057% 	
Sweep number 35900
acceptance rate: 81.6022%
trans: 50.182% 	crank: 68.9633% 	pivot: 61.0094% 	rot: 86.1059% 	
Sweep number 36000
acceptance rate: 81.6019%
trans: 50.1807% 	crank: 68.9616% 	pivot: 61.025% 	rot: 86.1057% 	
Sweep number 36100
acceptance rate: 81.6017%
trans: 50.181% 	crank: 68.9596% 	pivot: 61.0291% 	rot: 86.1057% 	
Sweep number 36200
acceptance rate: 81.6017%
trans: 50.1804% 	crank: 68.958% 	pivot: 61.0221% 	rot: 86.1059% 	
Sweep number 36300
acceptance rate: 81.6009%
trans: 50.1779% 	crank: 68.9557% 	pivot: 61.0137% 	rot: 86.1054% 	
Sweep number 36400
acceptance rate: 81.6008%
trans: 50.1782% 	crank: 68.9564% 	pivot: 61.0107% 	rot: 86.1053% 	
Sweep number 36500
acceptance rate: 81.6008%
trans: 50.1777% 	crank: 68.957% 	pivot: 61.0268% 	rot: 86.1051% 	
Sweep number 36600
acceptance rate: 81.6007%
trans: 50.1781% 	crank: 68.9559% 	pivot: 61.021% 	rot: 86.1051% 	
Sweep number 36700
acceptance rate: 81.6006%
trans: 50.1772% 	crank: 68.952% 	pivot: 61.025% 	rot: 86.1054% 	
Sweep number 36800
acceptance rate: 81.6003%
trans: 50.1758% 	crank: 68.9515% 	pivot: 61.029% 	rot: 86.1053% 	
Sweep number 36900
acceptance rate: 81.6003%
trans: 50.1769% 	crank: 68.9541% 	pivot: 61.0292% 	rot: 86.1049% 	
Sweep number 37000
acceptance rate: 81.6001%
trans: 50.1751% 	crank: 68.9526% 	pivot: 61.0343% 	rot: 86.1048% 	
Sweep number 37100
acceptance rate: 81.6005%
trans: 50.1761% 	crank: 68.9513% 	pivot: 61.0428% 	rot: 86.1053% 	
Sweep number 37200
acceptance rate: 81.6004%
trans: 50.1742% 	crank: 68.9536% 	pivot: 61.0379% 	rot: 86.1052% 	
Sweep number 37300
acceptance rate: 81.6003%
trans: 50.1747% 	crank: 68.9537% 	pivot: 61.03% 	rot: 86.1051% 	
Sweep number 37400
acceptance rate: 81.6006%
trans: 50.1727% 	crank: 68.9545% 	pivot: 61.027% 	rot: 86.1056% 	
Sweep number 37500
acceptance rate: 81.6004%
trans: 50.1716% 	crank: 68.9536% 	pivot: 61.0434% 	rot: 86.1054% 	
Sweep number 37600
acceptance rate: 81.6%
trans: 50.1715% 	crank: 68.9482% 	pivot: 61.0399% 	rot: 86.1055% 	
Sweep number 37700
acceptance rate: 81.6002%
trans: 50.1736% 	crank: 68.9468% 	pivot: 61.0559% 	rot: 86.1055% 	
Sweep number 37800
acceptance rate: 81.6004%
trans: 50.1749% 	crank: 68.9446% 	pivot: 61.0677% 	rot: 86.1057% 	
Sweep number 37900
acceptance rate: 81.6009%
trans: 50.175% 	crank: 68.9472% 	pivot: 61.0715% 	rot: 86.106% 	
Sweep number 38000
acceptance rate: 81.601%
trans: 50.1764% 	crank: 68.946% 	pivot: 61.0716% 	rot: 86.1062% 	
Sweep number 38100
acceptance rate: 81.6013%
trans: 50.1766% 	crank: 68.945% 	pivot: 61.0722% 	rot: 86.1065% 	
Sweep number 38200
acceptance rate: 81.6012%
trans: 50.174% 	crank: 68.9446% 	pivot: 61.0811% 	rot: 86.1066% 	
Sweep number 38300
acceptance rate: 81.601%
trans: 50.1737% 	crank: 68.9406% 	pivot: 61.084% 	rot: 86.1069% 	
Sweep number 38400
acceptance rate: 81.6008%
trans: 50.1731% 	crank: 68.9374% 	pivot: 61.0971% 	rot: 86.1068% 	
Sweep number 38500
acceptance rate: 81.6005%
trans: 50.174% 	crank: 68.9365% 	pivot: 61.0865% 	rot: 86.1065% 	
Sweep number 38600
acceptance rate: 81.6006%
trans: 50.1768% 	crank: 68.9369% 	pivot: 61.0878% 	rot: 86.1063% 	
Sweep number 38700
acceptance rate: 81.6003%
trans: 50.1778% 	crank: 68.9333% 	pivot: 61.0808% 	rot: 86.1063% 	
Sweep number 38800
acceptance rate: 81.6001%
trans: 50.1773% 	crank: 68.9329% 	pivot: 61.0812% 	rot: 86.1061% 	
Sweep number 38900
acceptance rate: 81.5998%
trans: 50.1761% 	crank: 68.9325% 	pivot: 61.0771% 	rot: 86.106% 	
Sweep number 39000
acceptance rate: 81.5995%
trans: 50.1767% 	crank: 68.9313% 	pivot: 61.0738% 	rot: 86.1057% 	
Sweep number 39100
acceptance rate: 81.5992%
trans: 50.1776% 	crank: 68.9342% 	pivot: 61.0744% 	rot: 86.105% 	
Sweep number 39200
acceptance rate: 81.5992%
trans: 50.1787% 	crank: 68.9321% 	pivot: 61.0719% 	rot: 86.105% 	
Sweep number 39300
acceptance rate: 81.5988%
trans: 50.1797% 	crank: 68.9306% 	pivot: 61.0697% 	rot: 86.1047% 	
Sweep number 39400
acceptance rate: 81.5985%
trans: 50.179% 	crank: 68.9304% 	pivot: 61.071% 	rot: 86.1044% 	
Sweep number 39500
acceptance rate: 81.5984%
trans: 50.1796% 	crank: 68.9287% 	pivot: 61.0802% 	rot: 86.1043% 	
Sweep number 39600
acceptance rate: 81.5987%
trans: 50.1795% 	crank: 68.9292% 	pivot: 61.0886% 	rot: 86.1046% 	
Sweep number 39700
acceptance rate: 81.5991%
trans: 50.1769% 	crank: 68.9292% 	pivot: 61.0949% 	rot: 86.1051% 	
Sweep number 39800
acceptance rate: 81.5989%
trans: 50.1768% 	crank: 68.9263% 	pivot: 61.1005% 	rot: 86.1051% 	
Sweep number 39900
acceptance rate: 81.5987%
trans: 50.178% 	crank: 68.9277% 	pivot: 61.0922% 	rot: 86.1047% 	
Sweep number 40000
acceptance rate: 81.5985%
trans: 50.1785% 	crank: 68.927% 	pivot: 61.0962% 	rot: 86.1045% 	
Sweep number 40100
acceptance rate: 81.5984%
trans: 50.1799% 	crank: 68.9273% 	pivot: 61.094% 	rot: 86.1042% 	
Sweep number 40200
acceptance rate: 81.5978%
trans: 50.1779% 	crank: 68.9263% 	pivot: 61.0992% 	rot: 86.1038% 	
Sweep number 40300
acceptance rate: 81.5975%
trans: 50.1762% 	crank: 68.9248% 	pivot: 61.102% 	rot: 86.1038% 	
Sweep number 40400
acceptance rate: 81.5975%
trans: 50.1762% 	crank: 68.9242% 	pivot: 61.1091% 	rot: 86.1038% 	
Sweep number 40500
acceptance rate: 81.5982%
trans: 50.1761% 	crank: 68.9246% 	pivot: 61.1296% 	rot: 86.1042% 	
Sweep number 40600
acceptance rate: 81.5982%
trans: 50.1775% 	crank: 68.9256% 	pivot: 61.1345% 	rot: 86.104% 	
Sweep number 40700
acceptance rate: 81.5981%
trans: 50.1769% 	crank: 68.926% 	pivot: 61.1341% 	rot: 86.1039% 	
Sweep number 40800
acceptance rate: 81.598%
trans: 50.1794% 	crank: 68.9262% 	pivot: 61.123% 	rot: 86.1037% 	
Sweep number 40900
acceptance rate: 81.5983%
trans: 50.183% 	crank: 68.9285% 	pivot: 61.1347% 	rot: 86.1034% 	
Sweep number 41000
acceptance rate: 81.598%
trans: 50.1802% 	crank: 68.9296% 	pivot: 61.1331% 	rot: 86.1032% 	
Sweep number 41100
acceptance rate: 81.5979%
trans: 50.1802% 	crank: 68.93% 	pivot: 61.1177% 	rot: 86.1031% 	
Sweep number 41200
acceptance rate: 81.5973%
trans: 50.1788% 	crank: 68.9296% 	pivot: 61.1153% 	rot: 86.1026% 	
Sweep number 41300
acceptance rate: 81.5976%
trans: 50.1783% 	crank: 68.9306% 	pivot: 61.1075% 	rot: 86.103% 	
Sweep number 41400
acceptance rate: 81.5973%
trans: 50.1774% 	crank: 68.9294% 	pivot: 61.1038% 	rot: 86.1029% 	
Sweep number 41500
acceptance rate: 81.5975%
trans: 50.1757% 	crank: 68.9297% 	pivot: 61.106% 	rot: 86.1032% 	
Sweep number 41600
acceptance rate: 81.5973%
trans: 50.1734% 	crank: 68.9287% 	pivot: 61.1086% 	rot: 86.1033% 	
Sweep number 41700
acceptance rate: 81.5977%
trans: 50.175% 	crank: 68.9305% 	pivot: 61.1043% 	rot: 86.1034% 	
Sweep number 41800
acceptance rate: 81.5978%
trans: 50.1767% 	crank: 68.9297% 	pivot: 61.1064% 	rot: 86.1034% 	
Sweep number 41900
acceptance rate: 81.5977%
trans: 50.1766% 	crank: 68.929% 	pivot: 61.0969% 	rot: 86.1036% 	
Sweep number 42000
acceptance rate: 81.5976%
trans: 50.1757% 	crank: 68.9287% 	pivot: 61.1088% 	rot: 86.1035% 	
Sweep number 42100
acceptance rate: 81.597%
trans: 50.176% 	crank: 68.9282% 	pivot: 61.1035% 	rot: 86.1028% 	
Sweep number 42200
acceptance rate: 81.5973%
trans: 50.1768% 	crank: 68.9265% 	pivot: 61.108% 	rot: 86.1032% 	
Sweep number 42300
acceptance rate: 81.5969%
trans: 50.1763% 	crank: 68.9236% 	pivot: 61.1075% 	rot: 86.1031% 	
Sweep number 42400
acceptance rate: 81.597%
trans: 50.1752% 	crank: 68.9248% 	pivot: 61.1113% 	rot: 86.1031% 	
Sweep number 42500
acceptance rate: 81.5969%
trans: 50.1734% 	crank: 68.9249% 	pivot: 61.1091% 	rot: 86.1032% 	
Sweep number 42600
acceptance rate: 81.5971%
trans: 50.1731% 	crank: 68.9252% 	pivot: 61.1126% 	rot: 86.1034% 	
Sweep number 42700
acceptance rate: 81.5971%
trans: 50.1746% 	crank: 68.927% 	pivot: 61.1056% 	rot: 86.1031% 	
Sweep number 42800
acceptance rate: 81.5967%
trans: 50.1744% 	crank: 68.9291% 	pivot: 61.1037% 	rot: 86.1024% 	
Sweep number 42900
acceptance rate: 81.597%
trans: 50.1746% 	crank: 68.9294% 	pivot: 61.1102% 	rot: 86.1027% 	
Sweep number 43000
acceptance rate: 81.5971%
trans: 50.1719% 	crank: 68.9297% 	pivot: 61.1037% 	rot: 86.1031% 	
Sweep number 43100
acceptance rate: 81.5972%
trans: 50.1718% 	crank: 68.9304% 	pivot: 61.1018% 	rot: 86.1032% 	
Sweep number 43200
acceptance rate: 81.5973%
trans: 50.1707% 	crank: 68.932% 	pivot: 61.1065% 	rot: 86.1032% 	
Sweep number 43300
acceptance rate: 81.5975%
trans: 50.1712% 	crank: 68.9318% 	pivot: 61.1071% 	rot: 86.1035% 	
Sweep number 43400
acceptance rate: 81.5975%
trans: 50.1708% 	crank: 68.9335% 	pivot: 61.1071% 	rot: 86.1033% 	
Sweep number 43500
acceptance rate: 81.5978%
trans: 50.1728% 	crank: 68.935% 	pivot: 61.103% 	rot: 86.1034% 	
Sweep number 43600
acceptance rate: 81.5981%
trans: 50.1733% 	crank: 68.9356% 	pivot: 61.0995% 	rot: 86.1036% 	
Sweep number 43700
acceptance rate: 81.5977%
trans: 50.1726% 	crank: 68.9363% 	pivot: 61.1004% 	rot: 86.1031% 	
Sweep number 43800
acceptance rate: 81.5978%
trans: 50.1719% 	crank: 68.9379% 	pivot: 61.1002% 	rot: 86.1033% 	
Sweep number 43900
acceptance rate: 81.5979%
trans: 50.1732% 	crank: 68.9381% 	pivot: 61.0972% 	rot: 86.1032% 	
Sweep number 44000
acceptance rate: 81.5981%
trans: 50.173% 	crank: 68.938% 	pivot: 61.0979% 	rot: 86.1035% 	
Sweep number 44100
acceptance rate: 81.5982%
trans: 50.1735% 	crank: 68.9381% 	pivot: 61.0818% 	rot: 86.1037% 	
Sweep number 44200
acceptance rate: 81.5983%
trans: 50.1726% 	crank: 68.9388% 	pivot: 61.0807% 	rot: 86.1039% 	
Sweep number 44300
acceptance rate: 81.5988%
trans: 50.174% 	crank: 68.9394% 	pivot: 61.0903% 	rot: 86.1042% 	
Sweep number 44400
acceptance rate: 81.5984%
trans: 50.1721% 	crank: 68.9382% 	pivot: 61.0901% 	rot: 86.104% 	
Sweep number 44500
acceptance rate: 81.5987%
trans: 50.1719% 	crank: 68.9371% 	pivot: 61.082% 	rot: 86.1046% 	
Sweep number 44600
acceptance rate: 81.5988%
trans: 50.1723% 	crank: 68.9374% 	pivot: 61.0773% 	rot: 86.1046% 	
Sweep number 44700
acceptance rate: 81.5988%
trans: 50.1728% 	crank: 68.9363% 	pivot: 61.072% 	rot: 86.1048% 	
Sweep number 44800
acceptance rate: 81.5988%
trans: 50.1721% 	crank: 68.9344% 	pivot: 61.0768% 	rot: 86.105% 	
Sweep number 44900
acceptance rate: 81.5987%
trans: 50.1708% 	crank: 68.9344% 	pivot: 61.0797% 	rot: 86.1049% 	
Sweep number 45000
acceptance rate: 81.5989%
trans: 50.1711% 	crank: 68.9343% 	pivot: 61.0789% 	rot: 86.1052% 	
Sweep number 45100
acceptance rate: 81.5991%
trans: 50.1709% 	crank: 68.9362% 	pivot: 61.0891% 	rot: 86.1052% 	
Sweep number 45200
acceptance rate: 81.599%
trans: 50.169% 	crank: 68.9356% 	pivot: 61.0876% 	rot: 86.1053% 	
Sweep number 45300
acceptance rate: 81.5989%
trans: 50.1662% 	crank: 68.9385% 	pivot: 61.077% 	rot: 86.1053% 	
Sweep number 45400
acceptance rate: 81.5989%
trans: 50.1649% 	crank: 68.9401% 	pivot: 61.0786% 	rot: 86.1052% 	
Sweep number 45500
acceptance rate: 81.599%
trans: 50.1634% 	crank: 68.9391% 	pivot: 61.082% 	rot: 86.1056% 	
Sweep number 45600
acceptance rate: 81.5994%
trans: 50.1626% 	crank: 68.9397% 	pivot: 61.0837% 	rot: 86.106% 	
Sweep number 45700
acceptance rate: 81.5992%
trans: 50.1605% 	crank: 68.9393% 	pivot: 61.0833% 	rot: 86.106% 	
Sweep number 45800
acceptance rate: 81.5991%
trans: 50.1601% 	crank: 68.9387% 	pivot: 61.0773% 	rot: 86.1061% 	
Sweep number 45900
acceptance rate: 81.5991%
trans: 50.1574% 	crank: 68.9379% 	pivot: 61.0762% 	rot: 86.1065% 	
Sweep number 46000
acceptance rate: 81.599%
trans: 50.159% 	crank: 68.9394% 	pivot: 61.0698% 	rot: 86.1061% 	
Sweep number 46100
acceptance rate: 81.5991%
trans: 50.1583% 	crank: 68.9411% 	pivot: 61.054% 	rot: 86.1063% 	
Sweep number 46200
acceptance rate: 81.5993%
trans: 50.1584% 	crank: 68.9413% 	pivot: 61.0511% 	rot: 86.1065% 	
Sweep number 46300
acceptance rate: 81.599%
trans: 50.1572% 	crank: 68.9421% 	pivot: 61.0397% 	rot: 86.1063% 	
Sweep number 46400
acceptance rate: 81.5987%
trans: 50.1558% 	crank: 68.9425% 	pivot: 61.0383% 	rot: 86.106% 	
Sweep number 46500
acceptance rate: 81.5985%
trans: 50.1566% 	crank: 68.943% 	pivot: 61.0404% 	rot: 86.1057% 	
Sweep number 46600
acceptance rate: 81.5987%
trans: 50.1554% 	crank: 68.9447% 	pivot: 61.0472% 	rot: 86.1057% 	
Sweep number 46700
acceptance rate: 81.5984%
trans: 50.1546% 	crank: 68.943% 	pivot: 61.0345% 	rot: 86.1057% 	
Sweep number 46800
acceptance rate: 81.5979%
trans: 50.1537% 	crank: 68.9418% 	pivot: 61.0374% 	rot: 86.1054% 	
Sweep number 46900
acceptance rate: 81.598%
trans: 50.1536% 	crank: 68.9389% 	pivot: 61.0403% 	rot: 86.1057% 	
Sweep number 47000
acceptance rate: 81.5983%
trans: 50.1539% 	crank: 68.9398% 	pivot: 61.0489% 	rot: 86.1059% 	
Sweep number 47100
acceptance rate: 81.5986%
trans: 50.1539% 	crank: 68.9394% 	pivot: 61.0494% 	rot: 86.1063% 	
Sweep number 47200
acceptance rate: 81.5991%
trans: 50.1533% 	crank: 68.9421% 	pivot: 61.0311% 	rot: 86.1069% 	
Sweep number 47300
acceptance rate: 81.599%
trans: 50.1511% 	crank: 68.941% 	pivot: 61.0205% 	rot: 86.1072% 	
Sweep number 47400
acceptance rate: 81.5986%
trans: 50.1494% 	crank: 68.9425% 	pivot: 61.0126% 	rot: 86.1068% 	
Sweep number 47500
acceptance rate: 81.5988%
trans: 50.1501% 	crank: 68.9435% 	pivot: 61.0105% 	rot: 86.1069% 	
Sweep number 47600
acceptance rate: 81.599%
trans: 50.1498% 	crank: 68.9433% 	pivot: 61.0122% 	rot: 86.1071% 	
Sweep number 47700
acceptance rate: 81.5993%
trans: 50.1507% 	crank: 68.9442% 	pivot: 61.0088% 	rot: 86.1073% 	
Sweep number 47800
acceptance rate: 81.5992%
trans: 50.1516% 	crank: 68.9434% 	pivot: 61.0073% 	rot: 86.1073% 	
Sweep number 47900
acceptance rate: 81.5989%
trans: 50.1509% 	crank: 68.943% 	pivot: 61% 	rot: 86.1071% 	
Sweep number 48000
acceptance rate: 81.5988%
trans: 50.1503% 	crank: 68.943% 	pivot: 61.0021% 	rot: 86.107% 	
Sweep number 48100
acceptance rate: 81.5988%
trans: 50.1521% 	crank: 68.9404% 	pivot: 61.0041% 	rot: 86.1071% 	
Sweep number 48200
acceptance rate: 81.599%
trans: 50.1518% 	crank: 68.9414% 	pivot: 61.0014% 	rot: 86.1073% 	
Sweep number 48300
acceptance rate: 81.5991%
trans: 50.1537% 	crank: 68.9424% 	pivot: 61.0045% 	rot: 86.1071% 	
Sweep number 48400
acceptance rate: 81.5995%
trans: 50.1546% 	crank: 68.944% 	pivot: 61.0033% 	rot: 86.1073% 	
Sweep number 48500
acceptance rate: 81.5994%
trans: 50.1555% 	crank: 68.946% 	pivot: 61.0008% 	rot: 86.107% 	
Sweep number 48600
acceptance rate: 81.5995%
trans: 50.1539% 	crank: 68.9472% 	pivot: 60.9905% 	rot: 86.1072% 	
Sweep number 48700
acceptance rate: 81.5992%
trans: 50.152% 	crank: 68.946% 	pivot: 60.9887% 	rot: 86.1071% 	
Sweep number 48800
acceptance rate: 81.5988%
trans: 50.151% 	crank: 68.9474% 	pivot: 60.9803% 	rot: 86.1067% 	
Sweep number 48900
acceptance rate: 81.5988%
trans: 50.1499% 	crank: 68.9462% 	pivot: 60.9863% 	rot: 86.1068% 	
Sweep number 49000
acceptance rate: 81.5986%
trans: 50.1486% 	crank: 68.9464% 	pivot: 60.9851% 	rot: 86.1067% 	
Sweep number 49100
acceptance rate: 81.5988%
trans: 50.1479% 	crank: 68.9458% 	pivot: 60.9947% 	rot: 86.107% 	
Sweep number 49200
acceptance rate: 81.5988%
trans: 50.1488% 	crank: 68.9448% 	pivot: 61.0006% 	rot: 86.107% 	
Sweep number 49300
acceptance rate: 81.5991%
trans: 50.1485% 	crank: 68.946% 	pivot: 61.0022% 	rot: 86.1072% 	
Sweep number 49400
acceptance rate: 81.5995%
trans: 50.1491% 	crank: 68.9479% 	pivot: 61.0081% 	rot: 86.1075% 	
Sweep number 49500
acceptance rate: 81.5993%
trans: 50.1489% 	crank: 68.9484% 	pivot: 61.0091% 	rot: 86.1072% 	
Sweep number 49600
acceptance rate: 81.5993%
trans: 50.1496% 	crank: 68.9499% 	pivot: 61.0099% 	rot: 86.107% 	
Sweep number 49700
acceptance rate: 81.5993%
trans: 50.1496% 	crank: 68.9492% 	pivot: 61.0171% 	rot: 86.1069% 	
Sweep number 49800
acceptance rate: 81.5995%
trans: 50.1498% 	crank: 68.9478% 	pivot: 61.0233% 	rot: 86.1072% 	
Sweep number 49900
acceptance rate: 81.5994%
trans: 50.1492% 	crank: 68.9483% 	pivot: 61.028% 	rot: 86.107% 	
acceptance rate: 81.5993%
Took 149seconds 
Moved 55664876 beads 
